[2026-05-04T18:17:48.109Z] [TYPES POST] Attempt: {"id":"stayin","name":"STAYIN","icon":"fas fa-building","icon_color":"#8b5cf6","description":"","is_parent":true,"parent_id":null,"sections":[],"own_sections":[],"active":true}
[2026-05-04T18:17:48.117Z] [TYPES POST ERROR]  Error: 
    at PromisePool.query (webpack-internal:///(rsc)/./node_modules/mysql2/lib/promise/pool.js:36:22)
    at execute (webpack-internal:///(rsc)/./src/lib/db.ts:39:33)
    at POST (webpack-internal:///(rsc)/./src/app/api/jana/types/route.ts:59:63)
    at process.processTicksAndRejections (node:internal/process/task_queues:105:5)
    at async AppRouteRouteModule.do (E:\ANitgravity\siwatoday\siwa-oasis\node_modules\next\dist\compiled\next-server\app-route.runtime.dev.js:10:32804)
    at async AppRouteRouteModule.handle (E:\ANitgravity\siwatoday\siwa-oasis\node_modules\next\dist\compiled\next-server\app-route.runtime.dev.js:10:39698)
    at async doRender (E:\ANitgravity\siwatoday\siwa-oasis\node_modules\next\dist\server\base-server.js:1452:42)
    at async responseGenerator (E:\ANitgravity\siwatoday\siwa-oasis\node_modules\next\dist\server\base-server.js:1813:28)
    at async DevServer.renderToResponseWithComponentsImpl (E:\ANitgravity\siwatoday\siwa-oasis\node_modules\next\dist\server\base-server.js:1823:28)
    at async DevServer.renderPageComponent (E:\ANitgravity\siwatoday\siwa-oasis\node_modules\next\dist\server\base-server.js:2250:24)
    at async DevServer.renderToResponseImpl (E:\ANitgravity\siwatoday\siwa-oasis\node_modules\next\dist\server\base-server.js:2288:32)
    at async DevServer.pipeImpl (E:\ANitgravity\siwatoday\siwa-oasis\node_modules\next\dist\server\base-server.js:959:25)
    at async NextNodeServer.handleCatchallRenderRequest (E:\ANitgravity\siwatoday\siwa-oasis\node_modules\next\dist\server\next-server.js:281:17)
    at async DevServer.handleRequestImpl (E:\ANitgravity\siwatoday\siwa-oasis\node_modules\next\dist\server\base-server.js:853:17)
    at async E:\ANitgravity\siwatoday\siwa-oasis\node_modules\next\dist\server\dev\next-dev-server.js:371:20
    at async Span.traceAsyncFn (E:\ANitgravity\siwatoday\siwa-oasis\node_modules\next\dist\trace\trace.js:153:20)
    at async DevServer.handleRequest (E:\ANitgravity\siwatoday\siwa-oasis\node_modules\next\dist\server\dev\next-dev-server.js:368:24)
    at async invokeRender (E:\ANitgravity\siwatoday\siwa-oasis\node_modules\next\dist\server\lib\router-server.js:230:21)
    at async handleRequest (E:\ANitgravity\siwatoday\siwa-oasis\node_modules\next\dist\server\lib\router-server.js:408:24)
    at async requestHandlerImpl (E:\ANitgravity\siwatoday\siwa-oasis\node_modules\next\dist\server\lib\router-server.js:432:13)
    at async Server.requestListener (E:\ANitgravity\siwatoday\siwa-oasis\node_modules\next\dist\server\lib\start-server.js:146:13)
[2026-05-04T18:42:27.237Z] [TYPES POST] Attempt: {"id":"hotels","name":"hotels","icon":"fas fa-building","icon_color":"#8b5cf6","description":"","is_parent":true,"parent_id":null,"sections":[],"own_sections":[],"active":true}
[2026-05-04T18:42:27.245Z] [TYPES POST ERROR]  Error: 
    at PromisePool.query (webpack-internal:///(rsc)/./node_modules/mysql2/lib/promise/pool.js:36:22)
    at execute (webpack-internal:///(rsc)/./src/lib/db.ts:42:33)
    at POST (webpack-internal:///(rsc)/./src/app/api/jana/types/route.ts:59:63)
    at process.processTicksAndRejections (node:internal/process/task_queues:105:5)
    at async AppRouteRouteModule.do (E:\ANitgravity\siwatoday\siwa-oasis\node_modules\next\dist\compiled\next-server\app-route.runtime.dev.js:10:32804)
    at async AppRouteRouteModule.handle (E:\ANitgravity\siwatoday\siwa-oasis\node_modules\next\dist\compiled\next-server\app-route.runtime.dev.js:10:39698)
    at async doRender (E:\ANitgravity\siwatoday\siwa-oasis\node_modules\next\dist\server\base-server.js:1452:42)
    at async responseGenerator (E:\ANitgravity\siwatoday\siwa-oasis\node_modules\next\dist\server\base-server.js:1813:28)
    at async DevServer.renderToResponseWithComponentsImpl (E:\ANitgravity\siwatoday\siwa-oasis\node_modules\next\dist\server\base-server.js:1823:28)
    at async DevServer.renderPageComponent (E:\ANitgravity\siwatoday\siwa-oasis\node_modules\next\dist\server\base-server.js:2250:24)
    at async DevServer.renderToResponseImpl (E:\ANitgravity\siwatoday\siwa-oasis\node_modules\next\dist\server\base-server.js:2288:32)
    at async DevServer.pipeImpl (E:\ANitgravity\siwatoday\siwa-oasis\node_modules\next\dist\server\base-server.js:959:25)
    at async NextNodeServer.handleCatchallRenderRequest (E:\ANitgravity\siwatoday\siwa-oasis\node_modules\next\dist\server\next-server.js:281:17)
    at async DevServer.handleRequestImpl (E:\ANitgravity\siwatoday\siwa-oasis\node_modules\next\dist\server\base-server.js:853:17)
    at async E:\ANitgravity\siwatoday\siwa-oasis\node_modules\next\dist\server\dev\next-dev-server.js:371:20
    at async Span.traceAsyncFn (E:\ANitgravity\siwatoday\siwa-oasis\node_modules\next\dist\trace\trace.js:153:20)
    at async DevServer.handleRequest (E:\ANitgravity\siwatoday\siwa-oasis\node_modules\next\dist\server\dev\next-dev-server.js:368:24)
    at async invokeRender (E:\ANitgravity\siwatoday\siwa-oasis\node_modules\next\dist\server\lib\router-server.js:230:21)
    at async handleRequest (E:\ANitgravity\siwatoday\siwa-oasis\node_modules\next\dist\server\lib\router-server.js:408:24)
    at async requestHandlerImpl (E:\ANitgravity\siwatoday\siwa-oasis\node_modules\next\dist\server\lib\router-server.js:432:13)
    at async Server.requestListener (E:\ANitgravity\siwatoday\siwa-oasis\node_modules\next\dist\server\lib\start-server.js:146:13)
[2026-05-04T18:42:27.294Z] [TYPES POST] Attempt: {"id":"hotels","name":"hotels","icon":"fas fa-building","icon_color":"#8b5cf6","description":"","is_parent":true,"parent_id":null,"sections":[],"own_sections":[],"active":true}
[2026-05-04T18:42:27.300Z] [TYPES POST ERROR]  Error: 
    at PromisePool.query (webpack-internal:///(rsc)/./node_modules/mysql2/lib/promise/pool.js:36:22)
    at execute (webpack-internal:///(rsc)/./src/lib/db.ts:42:33)
    at POST (webpack-internal:///(rsc)/./src/app/api/jana/types/route.ts:59:63)
    at process.processTicksAndRejections (node:internal/process/task_queues:105:5)
    at async AppRouteRouteModule.do (E:\ANitgravity\siwatoday\siwa-oasis\node_modules\next\dist\compiled\next-server\app-route.runtime.dev.js:10:32804)
    at async AppRouteRouteModule.handle (E:\ANitgravity\siwatoday\siwa-oasis\node_modules\next\dist\compiled\next-server\app-route.runtime.dev.js:10:39698)
    at async doRender (E:\ANitgravity\siwatoday\siwa-oasis\node_modules\next\dist\server\base-server.js:1452:42)
    at async responseGenerator (E:\ANitgravity\siwatoday\siwa-oasis\node_modules\next\dist\server\base-server.js:1813:28)
    at async DevServer.renderToResponseWithComponentsImpl (E:\ANitgravity\siwatoday\siwa-oasis\node_modules\next\dist\server\base-server.js:1823:28)
    at async DevServer.renderPageComponent (E:\ANitgravity\siwatoday\siwa-oasis\node_modules\next\dist\server\base-server.js:2250:24)
    at async DevServer.renderToResponseImpl (E:\ANitgravity\siwatoday\siwa-oasis\node_modules\next\dist\server\base-server.js:2288:32)
    at async DevServer.pipeImpl (E:\ANitgravity\siwatoday\siwa-oasis\node_modules\next\dist\server\base-server.js:959:25)
    at async NextNodeServer.handleCatchallRenderRequest (E:\ANitgravity\siwatoday\siwa-oasis\node_modules\next\dist\server\next-server.js:281:17)
    at async DevServer.handleRequestImpl (E:\ANitgravity\siwatoday\siwa-oasis\node_modules\next\dist\server\base-server.js:853:17)
    at async E:\ANitgravity\siwatoday\siwa-oasis\node_modules\next\dist\server\dev\next-dev-server.js:371:20
    at async Span.traceAsyncFn (E:\ANitgravity\siwatoday\siwa-oasis\node_modules\next\dist\trace\trace.js:153:20)
    at async DevServer.handleRequest (E:\ANitgravity\siwatoday\siwa-oasis\node_modules\next\dist\server\dev\next-dev-server.js:368:24)
    at async invokeRender (E:\ANitgravity\siwatoday\siwa-oasis\node_modules\next\dist\server\lib\router-server.js:230:21)
    at async handleRequest (E:\ANitgravity\siwatoday\siwa-oasis\node_modules\next\dist\server\lib\router-server.js:408:24)
    at async requestHandlerImpl (E:\ANitgravity\siwatoday\siwa-oasis\node_modules\next\dist\server\lib\router-server.js:432:13)
    at async Server.requestListener (E:\ANitgravity\siwatoday\siwa-oasis\node_modules\next\dist\server\lib\start-server.js:146:13)
[2026-05-04T18:44:01.339Z] [TYPES POST] Attempt: {"id":"ll","name":"ll","icon":"fas fa-building","icon_color":"#8b5cf6","description":"","is_parent":true,"parent_id":null,"sections":[],"own_sections":[],"active":true}
[2026-05-04T18:44:01.348Z] [TYPES POST] Attempt: {"id":"ll","name":"ll","icon":"fas fa-building","icon_color":"#8b5cf6","description":"","is_parent":true,"parent_id":null,"sections":[],"own_sections":[],"active":true}
[2026-05-04T18:44:01.350Z] [TYPES POST] Attempt: {"id":"ll","name":"ll","icon":"fas fa-building","icon_color":"#8b5cf6","description":"","is_parent":true,"parent_id":null,"sections":[],"own_sections":[],"active":true}
[2026-05-04T18:44:01.353Z] [TYPES POST] Attempt: {"id":"ll","name":"ll","icon":"fas fa-building","icon_color":"#8b5cf6","description":"","is_parent":true,"parent_id":null,"sections":[],"own_sections":[],"active":true}
[2026-05-04T18:44:01.523Z] [TYPES POST ERROR]  Error: 
    at PromisePool.query (webpack-internal:///(rsc)/./node_modules/mysql2/lib/promise/pool.js:36:22)
    at execute (webpack-internal:///(rsc)/./src/lib/db.ts:42:33)
    at POST (webpack-internal:///(rsc)/./src/app/api/jana/types/route.ts:59:63)
    at process.processTicksAndRejections (node:internal/process/task_queues:105:5)
    at async AppRouteRouteModule.do (E:\ANitgravity\siwatoday\siwa-oasis\node_modules\next\dist\compiled\next-server\app-route.runtime.dev.js:10:32804)
    at async AppRouteRouteModule.handle (E:\ANitgravity\siwatoday\siwa-oasis\node_modules\next\dist\compiled\next-server\app-route.runtime.dev.js:10:39698)
    at async doRender (E:\ANitgravity\siwatoday\siwa-oasis\node_modules\next\dist\server\base-server.js:1452:42)
    at async responseGenerator (E:\ANitgravity\siwatoday\siwa-oasis\node_modules\next\dist\server\base-server.js:1813:28)
    at async DevServer.renderToResponseWithComponentsImpl (E:\ANitgravity\siwatoday\siwa-oasis\node_modules\next\dist\server\base-server.js:1823:28)
    at async DevServer.renderPageComponent (E:\ANitgravity\siwatoday\siwa-oasis\node_modules\next\dist\server\base-server.js:2250:24)
    at async DevServer.renderToResponseImpl (E:\ANitgravity\siwatoday\siwa-oasis\node_modules\next\dist\server\base-server.js:2288:32)
    at async DevServer.pipeImpl (E:\ANitgravity\siwatoday\siwa-oasis\node_modules\next\dist\server\base-server.js:959:25)
    at async NextNodeServer.handleCatchallRenderRequest (E:\ANitgravity\siwatoday\siwa-oasis\node_modules\next\dist\server\next-server.js:281:17)
    at async DevServer.handleRequestImpl (E:\ANitgravity\siwatoday\siwa-oasis\node_modules\next\dist\server\base-server.js:853:17)
    at async E:\ANitgravity\siwatoday\siwa-oasis\node_modules\next\dist\server\dev\next-dev-server.js:371:20
    at async Span.traceAsyncFn (E:\ANitgravity\siwatoday\siwa-oasis\node_modules\next\dist\trace\trace.js:153:20)
    at async DevServer.handleRequest (E:\ANitgravity\siwatoday\siwa-oasis\node_modules\next\dist\server\dev\next-dev-server.js:368:24)
    at async invokeRender (E:\ANitgravity\siwatoday\siwa-oasis\node_modules\next\dist\server\lib\router-server.js:230:21)
    at async handleRequest (E:\ANitgravity\siwatoday\siwa-oasis\node_modules\next\dist\server\lib\router-server.js:408:24)
    at async requestHandlerImpl (E:\ANitgravity\siwatoday\siwa-oasis\node_modules\next\dist\server\lib\router-server.js:432:13)
    at async Server.requestListener (E:\ANitgravity\siwatoday\siwa-oasis\node_modules\next\dist\server\lib\start-server.js:146:13)
[2026-05-04T18:44:01.601Z] [TYPES POST ERROR]  Error: 
    at PromisePool.query (webpack-internal:///(rsc)/./node_modules/mysql2/lib/promise/pool.js:36:22)
    at execute (webpack-internal:///(rsc)/./src/lib/db.ts:42:33)
    at POST (webpack-internal:///(rsc)/./src/app/api/jana/types/route.ts:59:63)
    at process.processTicksAndRejections (node:internal/process/task_queues:105:5)
    at async AppRouteRouteModule.do (E:\ANitgravity\siwatoday\siwa-oasis\node_modules\next\dist\compiled\next-server\app-route.runtime.dev.js:10:32804)
    at async AppRouteRouteModule.handle (E:\ANitgravity\siwatoday\siwa-oasis\node_modules\next\dist\compiled\next-server\app-route.runtime.dev.js:10:39698)
    at async doRender (E:\ANitgravity\siwatoday\siwa-oasis\node_modules\next\dist\server\base-server.js:1452:42)
    at async responseGenerator (E:\ANitgravity\siwatoday\siwa-oasis\node_modules\next\dist\server\base-server.js:1813:28)
    at async DevServer.renderToResponseWithComponentsImpl (E:\ANitgravity\siwatoday\siwa-oasis\node_modules\next\dist\server\base-server.js:1823:28)
    at async DevServer.renderPageComponent (E:\ANitgravity\siwatoday\siwa-oasis\node_modules\next\dist\server\base-server.js:2250:24)
    at async DevServer.renderToResponseImpl (E:\ANitgravity\siwatoday\siwa-oasis\node_modules\next\dist\server\base-server.js:2288:32)
    at async DevServer.pipeImpl (E:\ANitgravity\siwatoday\siwa-oasis\node_modules\next\dist\server\base-server.js:959:25)
    at async NextNodeServer.handleCatchallRenderRequest (E:\ANitgravity\siwatoday\siwa-oasis\node_modules\next\dist\server\next-server.js:281:17)
    at async DevServer.handleRequestImpl (E:\ANitgravity\siwatoday\siwa-oasis\node_modules\next\dist\server\base-server.js:853:17)
    at async E:\ANitgravity\siwatoday\siwa-oasis\node_modules\next\dist\server\dev\next-dev-server.js:371:20
    at async Span.traceAsyncFn (E:\ANitgravity\siwatoday\siwa-oasis\node_modules\next\dist\trace\trace.js:153:20)
    at async DevServer.handleRequest (E:\ANitgravity\siwatoday\siwa-oasis\node_modules\next\dist\server\dev\next-dev-server.js:368:24)
    at async invokeRender (E:\ANitgravity\siwatoday\siwa-oasis\node_modules\next\dist\server\lib\router-server.js:230:21)
    at async handleRequest (E:\ANitgravity\siwatoday\siwa-oasis\node_modules\next\dist\server\lib\router-server.js:408:24)
    at async requestHandlerImpl (E:\ANitgravity\siwatoday\siwa-oasis\node_modules\next\dist\server\lib\router-server.js:432:13)
    at async Server.requestListener (E:\ANitgravity\siwatoday\siwa-oasis\node_modules\next\dist\server\lib\start-server.js:146:13)
[2026-05-04T18:44:01.611Z] [TYPES POST ERROR]  Error: 
    at PromisePool.query (webpack-internal:///(rsc)/./node_modules/mysql2/lib/promise/pool.js:36:22)
    at execute (webpack-internal:///(rsc)/./src/lib/db.ts:42:33)
    at POST (webpack-internal:///(rsc)/./src/app/api/jana/types/route.ts:59:63)
    at process.processTicksAndRejections (node:internal/process/task_queues:105:5)
    at async AppRouteRouteModule.do (E:\ANitgravity\siwatoday\siwa-oasis\node_modules\next\dist\compiled\next-server\app-route.runtime.dev.js:10:32804)
    at async AppRouteRouteModule.handle (E:\ANitgravity\siwatoday\siwa-oasis\node_modules\next\dist\compiled\next-server\app-route.runtime.dev.js:10:39698)
    at async doRender (E:\ANitgravity\siwatoday\siwa-oasis\node_modules\next\dist\server\base-server.js:1452:42)
    at async responseGenerator (E:\ANitgravity\siwatoday\siwa-oasis\node_modules\next\dist\server\base-server.js:1813:28)
    at async DevServer.renderToResponseWithComponentsImpl (E:\ANitgravity\siwatoday\siwa-oasis\node_modules\next\dist\server\base-server.js:1823:28)
    at async DevServer.renderPageComponent (E:\ANitgravity\siwatoday\siwa-oasis\node_modules\next\dist\server\base-server.js:2250:24)
    at async DevServer.renderToResponseImpl (E:\ANitgravity\siwatoday\siwa-oasis\node_modules\next\dist\server\base-server.js:2288:32)
    at async DevServer.pipeImpl (E:\ANitgravity\siwatoday\siwa-oasis\node_modules\next\dist\server\base-server.js:959:25)
    at async NextNodeServer.handleCatchallRenderRequest (E:\ANitgravity\siwatoday\siwa-oasis\node_modules\next\dist\server\next-server.js:281:17)
    at async DevServer.handleRequestImpl (E:\ANitgravity\siwatoday\siwa-oasis\node_modules\next\dist\server\base-server.js:853:17)
    at async E:\ANitgravity\siwatoday\siwa-oasis\node_modules\next\dist\server\dev\next-dev-server.js:371:20
    at async Span.traceAsyncFn (E:\ANitgravity\siwatoday\siwa-oasis\node_modules\next\dist\trace\trace.js:153:20)
    at async DevServer.handleRequest (E:\ANitgravity\siwatoday\siwa-oasis\node_modules\next\dist\server\dev\next-dev-server.js:368:24)
    at async invokeRender (E:\ANitgravity\siwatoday\siwa-oasis\node_modules\next\dist\server\lib\router-server.js:230:21)
    at async handleRequest (E:\ANitgravity\siwatoday\siwa-oasis\node_modules\next\dist\server\lib\router-server.js:408:24)
    at async requestHandlerImpl (E:\ANitgravity\siwatoday\siwa-oasis\node_modules\next\dist\server\lib\router-server.js:432:13)
    at async Server.requestListener (E:\ANitgravity\siwatoday\siwa-oasis\node_modules\next\dist\server\lib\start-server.js:146:13)
[2026-05-04T18:44:01.627Z] [TYPES POST ERROR]  Error: 
    at PromisePool.query (webpack-internal:///(rsc)/./node_modules/mysql2/lib/promise/pool.js:36:22)
    at execute (webpack-internal:///(rsc)/./src/lib/db.ts:42:33)
    at POST (webpack-internal:///(rsc)/./src/app/api/jana/types/route.ts:59:63)
    at process.processTicksAndRejections (node:internal/process/task_queues:105:5)
    at async AppRouteRouteModule.do (E:\ANitgravity\siwatoday\siwa-oasis\node_modules\next\dist\compiled\next-server\app-route.runtime.dev.js:10:32804)
    at async AppRouteRouteModule.handle (E:\ANitgravity\siwatoday\siwa-oasis\node_modules\next\dist\compiled\next-server\app-route.runtime.dev.js:10:39698)
    at async doRender (E:\ANitgravity\siwatoday\siwa-oasis\node_modules\next\dist\server\base-server.js:1452:42)
    at async responseGenerator (E:\ANitgravity\siwatoday\siwa-oasis\node_modules\next\dist\server\base-server.js:1813:28)
    at async DevServer.renderToResponseWithComponentsImpl (E:\ANitgravity\siwatoday\siwa-oasis\node_modules\next\dist\server\base-server.js:1823:28)
    at async DevServer.renderPageComponent (E:\ANitgravity\siwatoday\siwa-oasis\node_modules\next\dist\server\base-server.js:2250:24)
    at async DevServer.renderToResponseImpl (E:\ANitgravity\siwatoday\siwa-oasis\node_modules\next\dist\server\base-server.js:2288:32)
    at async DevServer.pipeImpl (E:\ANitgravity\siwatoday\siwa-oasis\node_modules\next\dist\server\base-server.js:959:25)
    at async NextNodeServer.handleCatchallRenderRequest (E:\ANitgravity\siwatoday\siwa-oasis\node_modules\next\dist\server\next-server.js:281:17)
    at async DevServer.handleRequestImpl (E:\ANitgravity\siwatoday\siwa-oasis\node_modules\next\dist\server\base-server.js:853:17)
    at async E:\ANitgravity\siwatoday\siwa-oasis\node_modules\next\dist\server\dev\next-dev-server.js:371:20
    at async Span.traceAsyncFn (E:\ANitgravity\siwatoday\siwa-oasis\node_modules\next\dist\trace\trace.js:153:20)
    at async DevServer.handleRequest (E:\ANitgravity\siwatoday\siwa-oasis\node_modules\next\dist\server\dev\next-dev-server.js:368:24)
    at async invokeRender (E:\ANitgravity\siwatoday\siwa-oasis\node_modules\next\dist\server\lib\router-server.js:230:21)
    at async handleRequest (E:\ANitgravity\siwatoday\siwa-oasis\node_modules\next\dist\server\lib\router-server.js:408:24)
    at async requestHandlerImpl (E:\ANitgravity\siwatoday\siwa-oasis\node_modules\next\dist\server\lib\router-server.js:432:13)
    at async Server.requestListener (E:\ANitgravity\siwatoday\siwa-oasis\node_modules\next\dist\server\lib\start-server.js:146:13)
[2026-05-04T18:44:02.245Z] [TYPES POST] Attempt: {"id":"ll","name":"ll","icon":"fas fa-building","icon_color":"#8b5cf6","description":"","is_parent":true,"parent_id":null,"sections":[],"own_sections":[],"active":true}
[2026-05-04T18:44:02.250Z] [TYPES POST] Attempt: {"id":"ll","name":"ll","icon":"fas fa-building","icon_color":"#8b5cf6","description":"","is_parent":true,"parent_id":null,"sections":[],"own_sections":[],"active":true}
[2026-05-04T18:44:02.290Z] [TYPES POST ERROR]  Error: 
    at PromisePool.query (webpack-internal:///(rsc)/./node_modules/mysql2/lib/promise/pool.js:36:22)
    at execute (webpack-internal:///(rsc)/./src/lib/db.ts:42:33)
    at POST (webpack-internal:///(rsc)/./src/app/api/jana/types/route.ts:59:63)
    at process.processTicksAndRejections (node:internal/process/task_queues:105:5)
    at async AppRouteRouteModule.do (E:\ANitgravity\siwatoday\siwa-oasis\node_modules\next\dist\compiled\next-server\app-route.runtime.dev.js:10:32804)
    at async AppRouteRouteModule.handle (E:\ANitgravity\siwatoday\siwa-oasis\node_modules\next\dist\compiled\next-server\app-route.runtime.dev.js:10:39698)
    at async doRender (E:\ANitgravity\siwatoday\siwa-oasis\node_modules\next\dist\server\base-server.js:1452:42)
    at async responseGenerator (E:\ANitgravity\siwatoday\siwa-oasis\node_modules\next\dist\server\base-server.js:1813:28)
    at async DevServer.renderToResponseWithComponentsImpl (E:\ANitgravity\siwatoday\siwa-oasis\node_modules\next\dist\server\base-server.js:1823:28)
    at async DevServer.renderPageComponent (E:\ANitgravity\siwatoday\siwa-oasis\node_modules\next\dist\server\base-server.js:2250:24)
    at async DevServer.renderToResponseImpl (E:\ANitgravity\siwatoday\siwa-oasis\node_modules\next\dist\server\base-server.js:2288:32)
    at async DevServer.pipeImpl (E:\ANitgravity\siwatoday\siwa-oasis\node_modules\next\dist\server\base-server.js:959:25)
    at async NextNodeServer.handleCatchallRenderRequest (E:\ANitgravity\siwatoday\siwa-oasis\node_modules\next\dist\server\next-server.js:281:17)
    at async DevServer.handleRequestImpl (E:\ANitgravity\siwatoday\siwa-oasis\node_modules\next\dist\server\base-server.js:853:17)
    at async E:\ANitgravity\siwatoday\siwa-oasis\node_modules\next\dist\server\dev\next-dev-server.js:371:20
    at async Span.traceAsyncFn (E:\ANitgravity\siwatoday\siwa-oasis\node_modules\next\dist\trace\trace.js:153:20)
    at async DevServer.handleRequest (E:\ANitgravity\siwatoday\siwa-oasis\node_modules\next\dist\server\dev\next-dev-server.js:368:24)
    at async invokeRender (E:\ANitgravity\siwatoday\siwa-oasis\node_modules\next\dist\server\lib\router-server.js:230:21)
    at async handleRequest (E:\ANitgravity\siwatoday\siwa-oasis\node_modules\next\dist\server\lib\router-server.js:408:24)
    at async requestHandlerImpl (E:\ANitgravity\siwatoday\siwa-oasis\node_modules\next\dist\server\lib\router-server.js:432:13)
    at async Server.requestListener (E:\ANitgravity\siwatoday\siwa-oasis\node_modules\next\dist\server\lib\start-server.js:146:13)
[2026-05-04T18:44:02.323Z] [TYPES POST ERROR]  Error: 
    at PromisePool.query (webpack-internal:///(rsc)/./node_modules/mysql2/lib/promise/pool.js:36:22)
    at execute (webpack-internal:///(rsc)/./src/lib/db.ts:42:33)
    at POST (webpack-internal:///(rsc)/./src/app/api/jana/types/route.ts:59:63)
    at process.processTicksAndRejections (node:internal/process/task_queues:105:5)
    at async AppRouteRouteModule.do (E:\ANitgravity\siwatoday\siwa-oasis\node_modules\next\dist\compiled\next-server\app-route.runtime.dev.js:10:32804)
    at async AppRouteRouteModule.handle (E:\ANitgravity\siwatoday\siwa-oasis\node_modules\next\dist\compiled\next-server\app-route.runtime.dev.js:10:39698)
    at async doRender (E:\ANitgravity\siwatoday\siwa-oasis\node_modules\next\dist\server\base-server.js:1452:42)
    at async responseGenerator (E:\ANitgravity\siwatoday\siwa-oasis\node_modules\next\dist\server\base-server.js:1813:28)
    at async DevServer.renderToResponseWithComponentsImpl (E:\ANitgravity\siwatoday\siwa-oasis\node_modules\next\dist\server\base-server.js:1823:28)
    at async DevServer.renderPageComponent (E:\ANitgravity\siwatoday\siwa-oasis\node_modules\next\dist\server\base-server.js:2250:24)
    at async DevServer.renderToResponseImpl (E:\ANitgravity\siwatoday\siwa-oasis\node_modules\next\dist\server\base-server.js:2288:32)
    at async DevServer.pipeImpl (E:\ANitgravity\siwatoday\siwa-oasis\node_modules\next\dist\server\base-server.js:959:25)
    at async NextNodeServer.handleCatchallRenderRequest (E:\ANitgravity\siwatoday\siwa-oasis\node_modules\next\dist\server\next-server.js:281:17)
    at async DevServer.handleRequestImpl (E:\ANitgravity\siwatoday\siwa-oasis\node_modules\next\dist\server\base-server.js:853:17)
    at async E:\ANitgravity\siwatoday\siwa-oasis\node_modules\next\dist\server\dev\next-dev-server.js:371:20
    at async Span.traceAsyncFn (E:\ANitgravity\siwatoday\siwa-oasis\node_modules\next\dist\trace\trace.js:153:20)
    at async DevServer.handleRequest (E:\ANitgravity\siwatoday\siwa-oasis\node_modules\next\dist\server\dev\next-dev-server.js:368:24)
    at async invokeRender (E:\ANitgravity\siwatoday\siwa-oasis\node_modules\next\dist\server\lib\router-server.js:230:21)
    at async handleRequest (E:\ANitgravity\siwatoday\siwa-oasis\node_modules\next\dist\server\lib\router-server.js:408:24)
    at async requestHandlerImpl (E:\ANitgravity\siwatoday\siwa-oasis\node_modules\next\dist\server\lib\router-server.js:432:13)
    at async Server.requestListener (E:\ANitgravity\siwatoday\siwa-oasis\node_modules\next\dist\server\lib\start-server.js:146:13)
[2026-05-04T18:44:02.463Z] [TYPES POST] Attempt: {"id":"ll","name":"ll","icon":"fas fa-building","icon_color":"#8b5cf6","description":"","is_parent":true,"parent_id":null,"sections":[],"own_sections":[],"active":true}
[2026-05-04T18:44:02.484Z] [TYPES POST ERROR]  Error: 
    at PromisePool.query (webpack-internal:///(rsc)/./node_modules/mysql2/lib/promise/pool.js:36:22)
    at execute (webpack-internal:///(rsc)/./src/lib/db.ts:42:33)
    at POST (webpack-internal:///(rsc)/./src/app/api/jana/types/route.ts:59:63)
    at process.processTicksAndRejections (node:internal/process/task_queues:105:5)
    at async AppRouteRouteModule.do (E:\ANitgravity\siwatoday\siwa-oasis\node_modules\next\dist\compiled\next-server\app-route.runtime.dev.js:10:32804)
    at async AppRouteRouteModule.handle (E:\ANitgravity\siwatoday\siwa-oasis\node_modules\next\dist\compiled\next-server\app-route.runtime.dev.js:10:39698)
    at async doRender (E:\ANitgravity\siwatoday\siwa-oasis\node_modules\next\dist\server\base-server.js:1452:42)
    at async responseGenerator (E:\ANitgravity\siwatoday\siwa-oasis\node_modules\next\dist\server\base-server.js:1813:28)
    at async DevServer.renderToResponseWithComponentsImpl (E:\ANitgravity\siwatoday\siwa-oasis\node_modules\next\dist\server\base-server.js:1823:28)
    at async DevServer.renderPageComponent (E:\ANitgravity\siwatoday\siwa-oasis\node_modules\next\dist\server\base-server.js:2250:24)
    at async DevServer.renderToResponseImpl (E:\ANitgravity\siwatoday\siwa-oasis\node_modules\next\dist\server\base-server.js:2288:32)
    at async DevServer.pipeImpl (E:\ANitgravity\siwatoday\siwa-oasis\node_modules\next\dist\server\base-server.js:959:25)
    at async NextNodeServer.handleCatchallRenderRequest (E:\ANitgravity\siwatoday\siwa-oasis\node_modules\next\dist\server\next-server.js:281:17)
    at async DevServer.handleRequestImpl (E:\ANitgravity\siwatoday\siwa-oasis\node_modules\next\dist\server\base-server.js:853:17)
    at async E:\ANitgravity\siwatoday\siwa-oasis\node_modules\next\dist\server\dev\next-dev-server.js:371:20
    at async Span.traceAsyncFn (E:\ANitgravity\siwatoday\siwa-oasis\node_modules\next\dist\trace\trace.js:153:20)
    at async DevServer.handleRequest (E:\ANitgravity\siwatoday\siwa-oasis\node_modules\next\dist\server\dev\next-dev-server.js:368:24)
    at async invokeRender (E:\ANitgravity\siwatoday\siwa-oasis\node_modules\next\dist\server\lib\router-server.js:230:21)
    at async handleRequest (E:\ANitgravity\siwatoday\siwa-oasis\node_modules\next\dist\server\lib\router-server.js:408:24)
    at async requestHandlerImpl (E:\ANitgravity\siwatoday\siwa-oasis\node_modules\next\dist\server\lib\router-server.js:432:13)
    at async Server.requestListener (E:\ANitgravity\siwatoday\siwa-oasis\node_modules\next\dist\server\lib\start-server.js:146:13)
[2026-05-04T18:50:09.172Z] [TYPES POST] Attempt: {"id":"fhfh","name":"fhfh","icon":"fas fa-building","icon_color":"#8b5cf6","description":"","is_parent":true,"parent_id":null,"sections":[],"own_sections":[],"active":true}
[2026-05-04T18:50:09.179Z] [TYPES POST ERROR]  Error: 
    at PromisePool.query (webpack-internal:///(rsc)/./node_modules/mysql2/lib/promise/pool.js:36:22)
    at execute (webpack-internal:///(rsc)/./src/lib/db.ts:42:33)
    at POST (webpack-internal:///(rsc)/./src/app/api/jana/types/route.ts:59:63)
    at process.processTicksAndRejections (node:internal/process/task_queues:105:5)
    at async AppRouteRouteModule.do (E:\ANitgravity\siwatoday\siwa-oasis\node_modules\next\dist\compiled\next-server\app-route.runtime.dev.js:10:32804)
    at async AppRouteRouteModule.handle (E:\ANitgravity\siwatoday\siwa-oasis\node_modules\next\dist\compiled\next-server\app-route.runtime.dev.js:10:39698)
    at async doRender (E:\ANitgravity\siwatoday\siwa-oasis\node_modules\next\dist\server\base-server.js:1452:42)
    at async responseGenerator (E:\ANitgravity\siwatoday\siwa-oasis\node_modules\next\dist\server\base-server.js:1813:28)
    at async DevServer.renderToResponseWithComponentsImpl (E:\ANitgravity\siwatoday\siwa-oasis\node_modules\next\dist\server\base-server.js:1823:28)
    at async DevServer.renderPageComponent (E:\ANitgravity\siwatoday\siwa-oasis\node_modules\next\dist\server\base-server.js:2250:24)
    at async DevServer.renderToResponseImpl (E:\ANitgravity\siwatoday\siwa-oasis\node_modules\next\dist\server\base-server.js:2288:32)
    at async DevServer.pipeImpl (E:\ANitgravity\siwatoday\siwa-oasis\node_modules\next\dist\server\base-server.js:959:25)
    at async NextNodeServer.handleCatchallRenderRequest (E:\ANitgravity\siwatoday\siwa-oasis\node_modules\next\dist\server\next-server.js:281:17)
    at async DevServer.handleRequestImpl (E:\ANitgravity\siwatoday\siwa-oasis\node_modules\next\dist\server\base-server.js:853:17)
    at async E:\ANitgravity\siwatoday\siwa-oasis\node_modules\next\dist\server\dev\next-dev-server.js:371:20
    at async Span.traceAsyncFn (E:\ANitgravity\siwatoday\siwa-oasis\node_modules\next\dist\trace\trace.js:153:20)
    at async DevServer.handleRequest (E:\ANitgravity\siwatoday\siwa-oasis\node_modules\next\dist\server\dev\next-dev-server.js:368:24)
    at async invokeRender (E:\ANitgravity\siwatoday\siwa-oasis\node_modules\next\dist\server\lib\router-server.js:230:21)
    at async handleRequest (E:\ANitgravity\siwatoday\siwa-oasis\node_modules\next\dist\server\lib\router-server.js:408:24)
    at async requestHandlerImpl (E:\ANitgravity\siwatoday\siwa-oasis\node_modules\next\dist\server\lib\router-server.js:432:13)
    at async Server.requestListener (E:\ANitgravity\siwatoday\siwa-oasis\node_modules\next\dist\server\lib\start-server.js:146:13)
[2026-05-04T18:50:09.216Z] [TYPES POST] Attempt: {"id":"fhfh","name":"fhfh","icon":"fas fa-building","icon_color":"#8b5cf6","description":"","is_parent":true,"parent_id":null,"sections":[],"own_sections":[],"active":true}
[2026-05-04T18:50:09.219Z] [TYPES POST ERROR]  Error: 
    at PromisePool.query (webpack-internal:///(rsc)/./node_modules/mysql2/lib/promise/pool.js:36:22)
    at execute (webpack-internal:///(rsc)/./src/lib/db.ts:42:33)
    at POST (webpack-internal:///(rsc)/./src/app/api/jana/types/route.ts:59:63)
    at process.processTicksAndRejections (node:internal/process/task_queues:105:5)
    at async AppRouteRouteModule.do (E:\ANitgravity\siwatoday\siwa-oasis\node_modules\next\dist\compiled\next-server\app-route.runtime.dev.js:10:32804)
    at async AppRouteRouteModule.handle (E:\ANitgravity\siwatoday\siwa-oasis\node_modules\next\dist\compiled\next-server\app-route.runtime.dev.js:10:39698)
    at async doRender (E:\ANitgravity\siwatoday\siwa-oasis\node_modules\next\dist\server\base-server.js:1452:42)
    at async responseGenerator (E:\ANitgravity\siwatoday\siwa-oasis\node_modules\next\dist\server\base-server.js:1813:28)
    at async DevServer.renderToResponseWithComponentsImpl (E:\ANitgravity\siwatoday\siwa-oasis\node_modules\next\dist\server\base-server.js:1823:28)
    at async DevServer.renderPageComponent (E:\ANitgravity\siwatoday\siwa-oasis\node_modules\next\dist\server\base-server.js:2250:24)
    at async DevServer.renderToResponseImpl (E:\ANitgravity\siwatoday\siwa-oasis\node_modules\next\dist\server\base-server.js:2288:32)
    at async DevServer.pipeImpl (E:\ANitgravity\siwatoday\siwa-oasis\node_modules\next\dist\server\base-server.js:959:25)
    at async NextNodeServer.handleCatchallRenderRequest (E:\ANitgravity\siwatoday\siwa-oasis\node_modules\next\dist\server\next-server.js:281:17)
    at async DevServer.handleRequestImpl (E:\ANitgravity\siwatoday\siwa-oasis\node_modules\next\dist\server\base-server.js:853:17)
    at async E:\ANitgravity\siwatoday\siwa-oasis\node_modules\next\dist\server\dev\next-dev-server.js:371:20
    at async Span.traceAsyncFn (E:\ANitgravity\siwatoday\siwa-oasis\node_modules\next\dist\trace\trace.js:153:20)
    at async DevServer.handleRequest (E:\ANitgravity\siwatoday\siwa-oasis\node_modules\next\dist\server\dev\next-dev-server.js:368:24)
    at async invokeRender (E:\ANitgravity\siwatoday\siwa-oasis\node_modules\next\dist\server\lib\router-server.js:230:21)
    at async handleRequest (E:\ANitgravity\siwatoday\siwa-oasis\node_modules\next\dist\server\lib\router-server.js:408:24)
    at async requestHandlerImpl (E:\ANitgravity\siwatoday\siwa-oasis\node_modules\next\dist\server\lib\router-server.js:432:13)
    at async Server.requestListener (E:\ANitgravity\siwatoday\siwa-oasis\node_modules\next\dist\server\lib\start-server.js:146:13)
[2026-05-04T19:11:10.505Z] [TYPES PUT] Attempt: {"id":"lodge","name":"Lodge","icon":"fas fa-campground","icon_color":"#10b981","description":"","is_parent":0,"parent_id":"accommodation","sections":["basic","room_types","vibe","acc_profile","acc_contact","acc_location","acc_amenities","acc_policies"],"own_sections":[],"active":1,"sort_order":"2.00","created_at":"2026-05-04T15:41:23.000Z"}
[2026-05-04T19:11:10.575Z] [TYPES PUT] Attempt: {"id":"lodge","name":"Lodge","icon":"fas fa-campground","icon_color":"#10b981","description":"","is_parent":0,"parent_id":"accommodation","sections":["basic","room_types","vibe","acc_profile","acc_contact","acc_location","acc_amenities","acc_policies"],"own_sections":[],"active":1,"sort_order":"2.00","created_at":"2026-05-04T15:41:23.000Z"}
[2026-05-04T19:11:29.416Z] [TYPES PUT] Attempt: {"id":"accommodation","name":"Accommodation","icon":"fas fa-hotel","icon_color":"#D4AF37","description":"Master lodging category","is_parent":1,"parent_id":null,"sections":["acc_profile","acc_contact","acc_location","acc_amenities","acc_rooms","acc_pricing","acc_policies","acc_vibe"],"own_sections":[],"active":1,"sort_order":"1.00","created_at":"2026-05-04T15:41:22.000Z"}
